app/build/outputs/mapping/debug/seeds.txt
com.example.recipemanager.MainActivity
com.example.recipemanager.data.AppDatabase_Impl
com.example.recipemanager.ui.RecipeListFragment
com.example.recipemanager.ui.RecipeDetailActivity
com.example.recipemanager.RecipeApplication
com.example.recipemanager.data.AppDatabase
com.example.recipemanager.ui.AddEditRecipeActivity
com.example.recipemanager.ui.ImageIngredientsActivity
com.example.recipemanager.ui.SignupActivity
com.example.recipemanager.ui.LoginActivity
com.example.recipemanager.ui.ImageIngredientsActivity: ImageIngredientsActivity()
com.example.recipemanager.ui.SignupActivity: SignupActivity()
com.example.recipemanager.MainActivity: MainActivity()
com.example.recipemanager.ui.LoginActivity: LoginActivity()
com.example.recipemanager.data.AppDatabase_Impl: AppDatabase_Impl()
com.example.recipemanager.data.Recipe$Difficulty: com.example.recipemanager.data.Recipe$Difficulty valueOf(java.lang.String)
com.example.recipemanager.data.Recipe$Difficulty: com.example.recipemanager.data.Recipe$Difficulty[] values()
com.example.recipemanager.RecipeApplication: RecipeApplication()
com.example.recipemanager.data.AppDatabase: AppDatabase()
com.example.recipemanager.ui.RecipeListFragment: RecipeListFragment()
com.example.recipemanager.ui.RecipeDetailActivity: RecipeDetailActivity()
com.example.recipemanager.ui.AddEditRecipeActivity: AddEditRecipeActivity()
...
com.google.android.gms.internal.mlkit_vision_internal_vkp.zzbek: long zzf
com.google.android.gms.internal.mlkit_vision_internal_vkp.zzjx: int zzf
com.karumi.dexter.R$attr: int itemTextColor
com.google.android.gms.internal.mlkit_vision_internal_vkp.zzri: com.google.android.gms.internal.mlkit_vision_internal_vkp.zznc zzap
com.google.android.libraries.vision.visionkit.pipeline.zzcg: int zzm
com.google.android.gms.internal.mlkit_vision_internal_vkp.zzali: com.google.android.gms.internal.mlkit_vision_internal_vkp.zzaop zze
com.karumi.dexter.R$dimen: int abc_alert_dialog_button_bar_height
com.karumi.dexter.R$style: int Widget_AppCompat_Light_ActionMode_Inverse
com.google.android.gms.internal.mlkit_vision_internal_vkp.zzann: int zzf
com.google.android.gms.internal.mlkit_vision_internal_vkp.zzbim: com.google.android.gms.internal.mlkit_vision_internal_vkp.zzbip zze
com.karumi.dexter.R$style: int Base_TextAppearance_AppCompat_Body2
com.google.android.gms.internal.mlkit_vision_internal_vkp.zzben: float zzm
com.google.android.gms.internal.mlkit_vision_internal_vkp.zzann: float zzr
com.google.android.libraries.vision.visionkit.pipeline.zzec: com.google.android.libraries.vision.visionkit.pipeline.zzcl zzm
com.karumi.dexter.R$styleable: int AppCompatTextView_lastBaselineToBottomHeight
com.karumi.dexter.R$styleable: int TextInputLayout_placeholderTextAppearance
com.karumi.dexter.R$color: int primary_text_disabled_material_light
com.karumi.dexter.R$styleable: int AppCompatTheme_listPreferredItemPaddingEnd
com.google.android.gms.internal.mlkit_vision_internal_vkp.zzayb: int zze
com.google.android.gms.internal.mlkit_vision_internal_vkp.zzbbk: float zzi
com.google.android.gms.internal.mlkit_vision_internal_vkp.zzbdk: boolean zzo
com.karumi.dexter.R$id: int decor_content_parent
com.karumi.dexter.R$drawable: int avd_show_password
com.karumi.dexter.R$attr: int commitIcon
com.google.android.gms.internal.mlkit_vision_internal_vkp.zzamm: int zzf
com.google.android.libraries.vision.visionkit.pipeline.zzdu: com.google.android.gms.internal.mlkit_vision_internal_vkp.zzaqt zzF
com.karumi.dexter.R$styleable: int[] ViewStubCompat
com.karumi.dexter.R$styleable: int Chip_showMotionSpec
com.google.android.gms.internal.mlkit_vision_internal_vkp.zzqs: com.google.android.gms.internal.mlkit_vision_internal_vkp.zzqs zzb
com.karumi.dexter.R$attr: int boxStrokeColor
com.google.android.gms.internal.mlkit_vision_internal_vkp.zzck: int zze
com.google.android.gms.internal.mlkit_vision_internal_vkp.zzqq: com.google.android.gms.internal.mlkit_vision_internal_vkp.zzsm zzh
com.google.android.gms.internal.mlkit_vision_internal_vkp.zzanh: com.google.android.gms.internal.mlkit_vision_internal_vkp.zzanh zzb
com.karumi.dexter.R$styleable: int AnimatedStateListDrawableCompat_android_exitFadeDuration
com.google.android.material.button.MaterialButton$SavedState: android.os.Parcelable$Creator CREATOR
com.karumi.dexter.R$style: int TextAppearance_AppCompat_Subhead
com.google.android.gms.internal.mlkit_vision_internal_vkp.zzazq: int zzh
com.karumi.dexter.R$attr: int listLayout
com.google.android.gms.internal.mlkit_vision_internal_vkp.zzsm: com.google.android.gms.internal.mlkit_vision_internal_vkp.zzsi zzf
com.google.android.gms.internal.mlkit_vision_internal_vkp.zzbgn: java.lang.Object zzf
com.google.android.gms.internal.mlkit_vision_internal_vkp.zzawh: java.lang.String zzj
com.karumi.dexter.R$style: int TextAppearance_AppCompat_Widget_Button_Colored
com.karumi.dexter.R$attr: int tooltipText
com.google.android.gms.internal.mlkit_vision_internal_vkp.zzrg: boolean zzj
com.google.android.gms.internal.mlkit_vision_internal_vkp.zzbfh: float zzr
com.karumi.dexter.R$style: int Base_V28_Theme_AppCompat
com.karumi.dexter.R$attr: int boxBackgroundMode
com.karumi.dexter.R$styleable: int BottomSheetBehavior_Layout_backgroundTint
com.karumi.dexter.R$styleable: int MenuItem_android_titleCondensed