app/build/outputs/mapping/debug/usage.txt
com.example.recipemanager.BuildConfig
com.example.recipemanager.R$animator
com.example.recipemanager.R$array:
    private void <init>()
com.example.recipemanager.R$color
com.example.recipemanager.R$drawable:
    public static int category_chip
    public static int ic_add
    public static int ic_ingredient
    private void <init>()
com.example.recipemanager.R$id:
    public static int ingredientChip
    private void <init>()
com.example.recipemanager.R$layout:
    private void <init>()
com.example.recipemanager.R$menu:
    private void <init>()
com.example.recipemanager.R$string:
    public static int add_recipe
    public static int add_to_favorites
    public static int all
    public static int already_have_an_account_login
    public static int app_name
    public static int category
    public static int confirm_password
    public static int delete
    public static int dont_have_an_account_sign_up
    public static int edit_recipe
    public static int email
    public static int error_loading_recipes
    public static int favourites
    public static int full_name
    public static int ingredients
    public static int login
    public static int logout
    public static int name
    public static int no_recipes_found
    public static int password
    public static int pick_image
    public static int recipe_image
    public static int remove_from_favorites
    public static int save
    public static int search_hint
    public static int search_recipes
    public static int share
    public static int sign_up
    public static int steps
    public static int undo
    public static int username
    private void <init>()
com.example.recipemanager.R$style
com.example.recipemanager.R
com.example.recipemanager.RecipeApplication:
    public static com.example.recipemanager.RecipeApplication getInstance()
com.example.recipemanager.data.AppDatabase:
    private static final java.lang.String DATABASE_NAME
    public static com.example.recipemanager.data.AppDatabase getInstance()
com.example.recipemanager.data.AppDatabase_Impl:
    public void clearAllTables()
com.example.recipemanager.data.User:
    public void setPassword(java.lang.String)
com.example.recipemanager.data.converters.DifficultyConverter:
    public void <init>()
com.example.recipemanager.data.converters.NutritionInfoConverter:
    public void <init>()
com.example.recipemanager.data.converters.StringSetConverter:
    public void <init>()
com.example.recipemanager.data.model.Ingredient:
    public void setAmount(java.lang.String)
    public void setName(java.lang.String)
    public void setUnit(java.lang.String)
com.example.recipemanager.databinding.ActivityAddEditRecipeBinding:
    public synthetic bridge android.view.View getRoot()
com.example.recipemanager.databinding.ActivityImageIngredientsBinding
com.example.recipemanager.databinding.ActivityLoginBinding
com.example.recipemanager.databinding.ActivityMainBinding:
    public synthetic bridge android.view.View getRoot()
com.example.recipemanager.databinding.ActivityRecipeDetailBinding:
    public synthetic bridge android.view.View getRoot()
com.example.recipemanager.databinding.ActivitySignupBinding
com.example.recipemanager.databinding.FragmentRecipeListBinding:
    public synthetic bridge android.view.View getRoot()
    public static com.example.recipemanager.databinding.FragmentRecipeListBinding inflate(android.view.LayoutInflater)
com.example.recipemanager.databinding.ItemIngredientBinding
com.example.recipemanager.databinding.ItemRecipeBinding:
    public synthetic bridge android.view.View getRoot()
    public static com.example.recipemanager.databinding.ItemRecipeBinding inflate(android.view.LayoutInflater)
com.example.recipemanager.ui.AddEditRecipeActivity:
    public static final java.lang.String EXTRA_INGREDIENTS
...
androidx.compose.animation.AnimatedContentKt$AnimatedContent$6$1$5
androidx.compose.animation.AnimatedContentKt$AnimatedContent$6$1
androidx.compose.animation.AnimatedContentKt$AnimatedContent$9
androidx.compose.animation.AnimatedContentKt$SizeTransform$1
androidx.compose.animation.AnimatedContentKt
androidx.compose.animation.AnimatedContentMeasurePolicy$measure$3
androidx.compose.animation.AnimatedContentMeasurePolicy
androidx.compose.animation.AnimatedContentScope
androidx.compose.animation.AnimatedContentScopeImpl
androidx.compose.animation.AnimatedContentTransitionScope$SlideDirection$Companion
androidx.compose.animation.AnimatedContentTransitionScope$SlideDirection
androidx.compose.animation.AnimatedContentTransitionScope$slideIntoContainer$1
androidx.compose.animation.AnimatedContentTransitionScope$slideOutOfContainer$1
androidx.compose.animation.AnimatedContentTransitionScope
androidx.compose.animation.AnimatedContentTransitionScopeImpl$ChildData
androidx.compose.animation.AnimatedContentTransitionScopeImpl$SizeModifier$measure$1
androidx.compose.animation.AnimatedContentTransitionScopeImpl$SizeModifier$measure$size$1
androidx.compose.animation.AnimatedContentTransitionScopeImpl$SizeModifier$measure$size$2
androidx.compose.animation.AnimatedContentTransitionScopeImpl$SizeModifier
androidx.compose.animation.AnimatedContentTransitionScopeImpl$slideIntoContainer$1
androidx.compose.animation.AnimatedContentTransitionScopeImpl$slideIntoContainer$2
androidx.compose.animation.AnimatedContentTransitionScopeImpl$slideIntoContainer$3
androidx.compose.animation.AnimatedContentTransitionScopeImpl$slideIntoContainer$4
androidx.compose.animation.AnimatedContentTransitionScopeImpl$slideOutOfContainer$1
androidx.compose.animation.AnimatedContentTransitionScopeImpl$slideOutOfContainer$2
androidx.compose.animation.AnimatedContentTransitionScopeImpl$slideOutOfContainer$3
androidx.compose.animation.AnimatedContentTransitionScopeImpl$slideOutOfContainer$4
androidx.compose.animation.AnimatedContentTransitionScopeImpl
androidx.compose.animation.AnimatedEnterExitMeasurePolicy$measure$1
androidx.compose.animation.AnimatedEnterExitMeasurePolicy
androidx.compose.animation.AnimatedVisibilityKt$AnimatedEnterExitImpl$2$1$1
androidx.compose.animation.AnimatedVisibilityKt$AnimatedEnterExitImpl$2
androidx.compose.animation.AnimatedVisibilityKt$AnimatedEnterExitImpl$4
androidx.compose.animation.AnimatedVisibilityKt$AnimatedEnterExitImpl$shouldDisposeAfterExit$2$1$1
androidx.compose.animation.AnimatedVisibilityKt$AnimatedEnterExitImpl$shouldDisposeAfterExit$2$1$2
androidx.compose.animation.AnimatedVisibilityKt$AnimatedEnterExitImpl$shouldDisposeAfterExit$2$1
androidx.compose.animation.AnimatedVisibilityKt$AnimatedVisibility$10
androidx.compose.animation.AnimatedVisibilityKt$AnimatedVisibility$11
androidx.compose.animation.AnimatedVisibilityKt$AnimatedVisibility$12
androidx.compose.animation.AnimatedVisibilityKt$AnimatedVisibility$13
androidx.compose.animation.AnimatedVisibilityKt$AnimatedVisibility$16
androidx.compose.animation.AnimatedVisibilityKt$AnimatedVisibility$17
androidx.compose.animation.AnimatedVisibilityKt$AnimatedVisibility$1
androidx.compose.animation.AnimatedVisibilityKt$AnimatedVisibility$2
androidx.compose.animation.AnimatedVisibilityKt$AnimatedVisibility$3
androidx.compose.animation.AnimatedVisibilityKt$AnimatedVisibility$4
androidx.compose.animation.AnimatedVisibilityKt$AnimatedVisibility$5
androidx.compose.animation.AnimatedVisibilityKt$AnimatedVisibility$6
androidx.compose.animation.AnimatedVisibilityKt$AnimatedVisibility$7
androidx.compose.animation.AnimatedVisibilityKt$AnimatedVisibility$8
androidx.compose.animation.AnimatedVisibilityKt$AnimatedVisibility$9
androidx.compose.animation.AnimatedVisibilityKt$AnimatedVisibilityImpl$1$1$1
androidx.compose.animation.AnimatedVisibilityKt$AnimatedVisibilityImpl$1$1
androidx.compose.animation.AnimatedVisibilityKt$AnimatedVisibilityImpl$2